<?xml version="1.0" encoding="UTF-8"?>
<!-- Generated by org.testng.reporters.JUnitReportReporter -->
<testsuite hostname="DESKTOP-8FGSDA8" failures="0" tests="2" name="Tcs.Registration" time="22.069" errors="0" timestamp="2025-04-11T04:09:56 EET" skipped="0">
  <testcase classname="Tcs.Registration" name="testRegistrationWithValidData" time="14.211"/>
  <testcase classname="Tcs.Registration" name="testRegistrationWithEmptyEmail" time="7.858"/>
</testsuite> <!-- Tcs.Registration -->
