<?xml version="1.0" encoding="UTF-8"?>
<!-- Generated by org.testng.reporters.JUnitReportReporter -->
<testsuite hostname="DESKTOP-8FGSDA8" failures="0" tests="2" name="Tcs.AddToCart" time="11.781" errors="0" timestamp="2025-04-11T20:01:32 EET" skipped="0">
  <testcase classname="Tcs.AddToCart" name="LoginWithValidData" time="3.791"/>
  <testcase classname="Tcs.AddToCart" name="testAddProductToCart" time="7.990"/>
</testsuite> <!-- Tcs.AddToCart -->
