<?xml version="1.0" encoding="UTF-8"?>
<!-- Generated by org.testng.reporters.JUnitReportReporter -->
<testsuite hostname="DESKTOP-8FGSDA8" failures="0" tests="2" name="Tcs.Login" time="16.802" errors="0" timestamp="2025-04-11T19:22:31 EET" skipped="0">
  <testcase classname="Tcs.Login" name="testLoginWithValidData" time="7.673"/>
  <testcase classname="Tcs.Login" name="testLoginWithInValidData" time="9.129"/>
</testsuite> <!-- Tcs.Login -->
